<?xml version="1.0" encoding="UTF-8" ?>
<testsuite failures="0" time="0.017" errors="0" skipped="0" tests="1" name="com.fedroot.dacsswing.AppTest">
  <properties>
    <property name="java.runtime.name" value="Java(TM) SE Runtime Environment"/>
    <property name="sun.boot.library.path" value="/System/Library/Frameworks/JavaVM.framework/Versions/1.6.0/Libraries"/>
    <property name="java.vm.version" value="16.3-b01-279"/>
    <property name="awt.nativeDoubleBuffering" value="true"/>
    <property name="gopherProxySet" value="false"/>
    <property name="mrj.build" value="10M3065"/>
    <property name="java.vm.vendor" value="Apple Inc."/>
    <property name="java.vendor.url" value="http://www.apple.com/"/>
    <property name="path.separator" value=":"/>
    <property name="java.vm.name" value="Java HotSpot(TM) 64-Bit Server VM"/>
    <property name="file.encoding.pkg" value="sun.io"/>
    <property name="user.country" value="US"/>
    <property name="sun.java.launcher" value="SUN_STANDARD"/>
    <property name="sun.os.patch.level" value="unknown"/>
    <property name="java.vm.specification.name" value="Java Virtual Machine Specification"/>
    <property name="user.dir" value="/Users/rmorriso/Development/devel/dacs-javalib/trunk/dacs-swing"/>
    <property name="java.runtime.version" value="1.6.0_20-b02-279-10M3065"/>
    <property name="java.awt.graphicsenv" value="apple.awt.CGraphicsEnvironment"/>
    <property name="basedir" value="/Users/rmorriso/Development/devel/dacs-javalib/trunk/dacs-swing"/>
    <property name="java.endorsed.dirs" value="/System/Library/Frameworks/JavaVM.framework/Versions/1.6.0/Home/lib/endorsed"/>
    <property name="os.arch" value="x86_64"/>
    <property name="surefire.real.class.path" value="/var/folders/Gh/GhJ03-z-H4K7YYjwrXV+ZU+++TI/-Tmp-/surefirebooter685142387860634719.jar"/>
    <property name="java.io.tmpdir" value="/var/folders/Gh/GhJ03-z-H4K7YYjwrXV+ZU+++TI/-Tmp-/"/>
    <property name="line.separator" value="
"/>
    <property name="java.vm.specification.vendor" value="Sun Microsystems Inc."/>
    <property name="os.name" value="Mac OS X"/>
    <property name="sun.jnu.encoding" value="MacRoman"/>
    <property name="java.library.path" value=".:/Library/Java/Extensions:/System/Library/Java/Extensions:/usr/lib/java"/>
    <property name="surefire.test.class.path" value="/Users/rmorriso/Development/devel/dacs-javalib/trunk/dacs-swing/target/test-classes:/Users/rmorriso/Development/devel/dacs-javalib/trunk/dacs-swing/target/classes:/Users/rmorriso/.m2/repository/junit/junit/3.8.1/junit-3.8.1.jar:/Users/rmorriso/.m2/repository/com/fedroot/dacs-core/0.5-SNAPSHOT/dacs-core-0.5-SNAPSHOT.jar:/Users/rmorriso/.m2/repository/com/fedroot/dacs-xmlbeans/1.4.24-SNAPSHOT/dacs-xmlbeans-1.4.24-SNAPSHOT.jar:/Users/rmorriso/.m2/repository/org/codehaus/mojo/jaxb2-maven-plugin/1.3/jaxb2-maven-plugin-1.3.jar:/Users/rmorriso/.m2/repository/org/apache/maven/maven-plugin-api/2.0/maven-plugin-api-2.0.jar:/Users/rmorriso/.m2/repository/org/apache/maven/maven-artifact/2.0.10/maven-artifact-2.0.10.jar:/Users/rmorriso/.m2/repository/org/codehaus/plexus/plexus-utils/1.5.5/plexus-utils-1.5.5.jar:/Users/rmorriso/.m2/repository/org/apache/maven/maven-project/2.0.10/maven-project-2.0.10.jar:/Users/rmorriso/.m2/repository/org/apache/maven/maven-settings/2.0.10/maven-settings-2.0.10.jar:/Users/rmorriso/.m2/repository/org/apache/maven/maven-model/2.0.10/maven-model-2.0.10.jar:/Users/rmorriso/.m2/repository/org/codehaus/plexus/plexus-interpolation/1.1/plexus-interpolation-1.1.jar:/Users/rmorriso/.m2/repository/org/codehaus/plexus/plexus-container-default/1.0-alpha-9-stable-1/plexus-container-default-1.0-alpha-9-stable-1.jar:/Users/rmorriso/.m2/repository/classworlds/classworlds/1.1-alpha-2/classworlds-1.1-alpha-2.jar:/Users/rmorriso/.m2/repository/org/apache/maven/maven-profile/2.0.10/maven-profile-2.0.10.jar:/Users/rmorriso/.m2/repository/org/apache/maven/maven-artifact-manager/2.0.10/maven-artifact-manager-2.0.10.jar:/Users/rmorriso/.m2/repository/org/apache/maven/maven-repository-metadata/2.0.10/maven-repository-metadata-2.0.10.jar:/Users/rmorriso/.m2/repository/org/apache/maven/wagon/wagon-provider-api/1.0-beta-2/wagon-provider-api-1.0-beta-2.jar:/Users/rmorriso/.m2/repository/org/apache/maven/maven-plugin-registry/2.0.10/maven-plugin-registry-2.0.10.jar:/Users/rmorriso/.m2/repository/com/sun/xml/bind/jaxb-xjc/2.1.12/jaxb-xjc-2.1.12.jar:/Users/rmorriso/.m2/repository/com/sun/xml/bind/jaxb-impl/2.1.12/jaxb-impl-2.1.12.jar:/Users/rmorriso/.m2/repository/javax/xml/bind/jaxb-api/2.1/jaxb-api-2.1.jar:/Users/rmorriso/.m2/repository/javax/xml/stream/stax-api/1.0-2/stax-api-1.0-2.jar:/Users/rmorriso/.m2/repository/javax/activation/activation/1.1/activation-1.1.jar:/Users/rmorriso/.m2/repository/org/codehaus/plexus/plexus-compiler-api/1.5.3/plexus-compiler-api-1.5.3.jar:/Users/rmorriso/.m2/repository/org/apache/httpcomponents/httpclient/4.1-alpha2/httpclient-4.1-alpha2.jar:/Users/rmorriso/.m2/repository/org/apache/httpcomponents/httpcore/4.1-beta1/httpcore-4.1-beta1.jar:/Users/rmorriso/.m2/repository/commons-logging/commons-logging/1.1.1/commons-logging-1.1.1.jar:/Users/rmorriso/.m2/repository/commons-codec/commons-codec/1.4/commons-codec-1.4.jar:/Users/rmorriso/.m2/repository/com/fedroot/fedutils/1.0-SNAPSHOT/fedutils-1.0-SNAPSHOT.jar:/Users/rmorriso/.m2/repository/org/apache/commons/commons-email/1.2/commons-email-1.2.jar:/Users/rmorriso/.m2/repository/javax/mail/mail/1.4.1/mail-1.4.1.jar:/Users/rmorriso/.m2/repository/javax/javaee-web-api/6.0/javaee-web-api-6.0.jar:"/>
    <property name="java.specification.name" value="Java Platform API Specification"/>
    <property name="java.class.version" value="50.0"/>
    <property name="sun.management.compiler" value="HotSpot 64-Bit Server Compiler"/>
    <property name="os.version" value="10.6.4"/>
    <property name="http.nonProxyHosts" value="local|*.local|169.254/16|*.169.254/16"/>
    <property name="user.home" value="/Users/rmorriso"/>
    <property name="user.timezone" value=""/>
    <property name="java.awt.printerjob" value="apple.awt.CPrinterJob"/>
    <property name="java.specification.version" value="1.6"/>
    <property name="file.encoding" value="MacRoman"/>
    <property name="user.name" value="rmorriso"/>
    <property name="java.class.path" value="/Users/rmorriso/Development/devel/dacs-javalib/trunk/dacs-swing/target/test-classes:/Users/rmorriso/Development/devel/dacs-javalib/trunk/dacs-swing/target/classes:/Users/rmorriso/.m2/repository/junit/junit/3.8.1/junit-3.8.1.jar:/Users/rmorriso/.m2/repository/com/fedroot/dacs-core/0.5-SNAPSHOT/dacs-core-0.5-SNAPSHOT.jar:/Users/rmorriso/.m2/repository/com/fedroot/dacs-xmlbeans/1.4.24-SNAPSHOT/dacs-xmlbeans-1.4.24-SNAPSHOT.jar:/Users/rmorriso/.m2/repository/org/codehaus/mojo/jaxb2-maven-plugin/1.3/jaxb2-maven-plugin-1.3.jar:/Users/rmorriso/.m2/repository/org/apache/maven/maven-plugin-api/2.0/maven-plugin-api-2.0.jar:/Users/rmorriso/.m2/repository/org/apache/maven/maven-artifact/2.0.10/maven-artifact-2.0.10.jar:/Users/rmorriso/.m2/repository/org/codehaus/plexus/plexus-utils/1.5.5/plexus-utils-1.5.5.jar:/Users/rmorriso/.m2/repository/org/apache/maven/maven-project/2.0.10/maven-project-2.0.10.jar:/Users/rmorriso/.m2/repository/org/apache/maven/maven-settings/2.0.10/maven-settings-2.0.10.jar:/Users/rmorriso/.m2/repository/org/apache/maven/maven-model/2.0.10/maven-model-2.0.10.jar:/Users/rmorriso/.m2/repository/org/codehaus/plexus/plexus-interpolation/1.1/plexus-interpolation-1.1.jar:/Users/rmorriso/.m2/repository/org/codehaus/plexus/plexus-container-default/1.0-alpha-9-stable-1/plexus-container-default-1.0-alpha-9-stable-1.jar:/Users/rmorriso/.m2/repository/classworlds/classworlds/1.1-alpha-2/classworlds-1.1-alpha-2.jar:/Users/rmorriso/.m2/repository/org/apache/maven/maven-profile/2.0.10/maven-profile-2.0.10.jar:/Users/rmorriso/.m2/repository/org/apache/maven/maven-artifact-manager/2.0.10/maven-artifact-manager-2.0.10.jar:/Users/rmorriso/.m2/repository/org/apache/maven/maven-repository-metadata/2.0.10/maven-repository-metadata-2.0.10.jar:/Users/rmorriso/.m2/repository/org/apache/maven/wagon/wagon-provider-api/1.0-beta-2/wagon-provider-api-1.0-beta-2.jar:/Users/rmorriso/.m2/repository/org/apache/maven/maven-plugin-registry/2.0.10/maven-plugin-registry-2.0.10.jar:/Users/rmorriso/.m2/repository/com/sun/xml/bind/jaxb-xjc/2.1.12/jaxb-xjc-2.1.12.jar:/Users/rmorriso/.m2/repository/com/sun/xml/bind/jaxb-impl/2.1.12/jaxb-impl-2.1.12.jar:/Users/rmorriso/.m2/repository/javax/xml/bind/jaxb-api/2.1/jaxb-api-2.1.jar:/Users/rmorriso/.m2/repository/javax/xml/stream/stax-api/1.0-2/stax-api-1.0-2.jar:/Users/rmorriso/.m2/repository/javax/activation/activation/1.1/activation-1.1.jar:/Users/rmorriso/.m2/repository/org/codehaus/plexus/plexus-compiler-api/1.5.3/plexus-compiler-api-1.5.3.jar:/Users/rmorriso/.m2/repository/org/apache/httpcomponents/httpclient/4.1-alpha2/httpclient-4.1-alpha2.jar:/Users/rmorriso/.m2/repository/org/apache/httpcomponents/httpcore/4.1-beta1/httpcore-4.1-beta1.jar:/Users/rmorriso/.m2/repository/commons-logging/commons-logging/1.1.1/commons-logging-1.1.1.jar:/Users/rmorriso/.m2/repository/commons-codec/commons-codec/1.4/commons-codec-1.4.jar:/Users/rmorriso/.m2/repository/com/fedroot/fedutils/1.0-SNAPSHOT/fedutils-1.0-SNAPSHOT.jar:/Users/rmorriso/.m2/repository/org/apache/commons/commons-email/1.2/commons-email-1.2.jar:/Users/rmorriso/.m2/repository/javax/mail/mail/1.4.1/mail-1.4.1.jar:/Users/rmorriso/.m2/repository/javax/javaee-web-api/6.0/javaee-web-api-6.0.jar:"/>
    <property name="java.vm.specification.version" value="1.0"/>
    <property name="sun.arch.data.model" value="64"/>
    <property name="java.home" value="/System/Library/Frameworks/JavaVM.framework/Versions/1.6.0/Home"/>
    <property name="java.specification.vendor" value="Sun Microsystems Inc."/>
    <property name="user.language" value="en"/>
    <property name="awt.toolkit" value="apple.awt.CToolkit"/>
    <property name="java.vm.info" value="mixed mode"/>
    <property name="java.version" value="1.6.0_20"/>
    <property name="java.ext.dirs" value="/Library/Java/Extensions:/System/Library/Java/Extensions:/System/Library/Frameworks/JavaVM.framework/Versions/1.6.0/Home/lib/ext"/>
    <property name="sun.boot.class.path" value="/System/Library/Frameworks/JavaVM.framework/Versions/1.6.0/Classes/jsfd.jar:/System/Library/Frameworks/JavaVM.framework/Versions/1.6.0/Classes/classes.jar:/System/Library/Frameworks/JavaVM.framework/Frameworks/JavaRuntimeSupport.framework/Resources/Java/JavaRuntimeSupport.jar:/System/Library/Frameworks/JavaVM.framework/Versions/1.6.0/Classes/ui.jar:/System/Library/Frameworks/JavaVM.framework/Versions/1.6.0/Classes/laf.jar:/System/Library/Frameworks/JavaVM.framework/Versions/1.6.0/Classes/sunrsasign.jar:/System/Library/Frameworks/JavaVM.framework/Versions/1.6.0/Classes/jsse.jar:/System/Library/Frameworks/JavaVM.framework/Versions/1.6.0/Classes/jce.jar:/System/Library/Frameworks/JavaVM.framework/Versions/1.6.0/Classes/charsets.jar"/>
    <property name="java.vendor" value="Apple Inc."/>
    <property name="localRepository" value="/Users/rmorriso/.m2/repository"/>
    <property name="file.separator" value="/"/>
    <property name="java.vendor.url.bug" value="http://bugreport.apple.com/"/>
    <property name="sun.cpu.endian" value="little"/>
    <property name="sun.io.unicode.encoding" value="UnicodeLittle"/>
    <property name="mrj.version" value="1060.1.6.0_20-279"/>
    <property name="socksNonProxyHosts" value="local|*.local|169.254/16|*.169.254/16"/>
    <property name="ftp.nonProxyHosts" value="local|*.local|169.254/16|*.169.254/16"/>
    <property name="sun.cpu.isalist" value=""/>
  </properties>
  <testcase time="0.003" classname="com.fedroot.dacsswing.AppTest" name="testApp"/>
</testsuite>